{"name": "Проверка создания курьера без указания обязательного поля в запросе", "status": "failed", "statusDetails": {"message": "AssertionError: assert 201 == 400\n +  where 201 = <Response [201]>.status_code", "trace": "self = <test_courier.TestCreateCourier object at 0x000002371DAF0290>, field = 'firstName'\n\n    @allure.title('Проверка создания курьера без указания обязательного поля в запросе')\n    @pytest.mark.parametrize('field', ['login', 'password', 'firstName'])\n    def test_create_courier_without_required_field(self, field):\n        payload = helpers.generate_random_courier_data()\n        del payload[field]\n        payload_json = json.dumps(payload)\n    \n        response = requests.post(data.CREATE_COURIER_ENDPOINT, data=payload_json, headers=data.headers_json)\n    \n>       assert response.status_code == 400\nE       assert 201 == 400\nE        +  where 201 = <Response [201]>.status_code\n\ntests\\test_courier.py:45: AssertionError"}, "steps": [{"name": "Генерируем случайные данные для создания курьера", "status": "passed", "start": 1717847588254, "stop": 1717847588288}], "parameters": [{"name": "field", "value": "'firstName'"}], "start": 1717847588254, "stop": 1717847588380, "uuid": "708297bb-e0c2-4ee4-8dc7-78b88120e4a1", "historyId": "04998c248a64f078f8b34c2e4ecd7aa6", "testCaseId": "ffb6a6feff25542fad46f91d277caace", "fullName": "tests.test_courier.TestCreateCourier#test_create_courier_without_required_field", "labels": [{"name": "parentSuite", "value": "tests"}, {"name": "suite", "value": "test_courier"}, {"name": "subSuite", "value": "TestCreateCourier"}, {"name": "host", "value": "HONOR-X14"}, {"name": "thread", "value": "33292-MainThread"}, {"name": "framework", "value": "pytest"}, {"name": "language", "value": "cpython3"}, {"name": "package", "value": "tests.test_courier"}]}