{"name": "Проверка создания курьера с пустым обязательным полем", "status": "failed", "statusDetails": {"message": "AssertionError: assert 201 == 400\n +  where 201 = <Response [201]>.status_code", "trace": "self = <test_courier.TestCreateCourier object at 0x0000015A52F3C4A0>, field = 'firstName'\n\n    @allure.title('Проверка создания курьера с пустым обязательным полем')\n    @pytest.mark.parametrize('field', ['login', 'password', 'firstName'])\n    def test_create_courier_with_empty_required_field(self, field):\n        payload = helpers.generate_random_courier_data()\n        payload[field] = ''\n        payload_json = json.dumps(payload)\n    \n        response = requests.post(self.ENDPOINT, data=payload_json, headers=data.headers_json)\n    \n>       assert response.status_code == 400\nE       assert 201 == 400\nE        +  where 201 = <Response [201]>.status_code\n\ntests\\test_courier.py:58: AssertionError"}, "parameters": [{"name": "field", "value": "'firstName'"}], "start": 1716917916962, "stop": 1716917917073, "uuid": "88aeb7b0-e447-482c-b00d-48a2c8c41146", "historyId": "8a781ecbce33e4acd2bb205b8e8c5185", "testCaseId": "9bc456c94e203919b5afc2239cca190d", "fullName": "tests.test_courier.TestCreateCourier#test_create_courier_with_empty_required_field", "labels": [{"name": "parentSuite", "value": "tests"}, {"name": "suite", "value": "test_courier"}, {"name": "subSuite", "value": "TestCreateCourier"}, {"name": "host", "value": "HONOR-X14"}, {"name": "thread", "value": "12576-MainThread"}, {"name": "framework", "value": "pytest"}, {"name": "language", "value": "cpython3"}, {"name": "package", "value": "tests.test_courier"}]}