{"name": "Проверка авторизации курьера без указания обязательного поля в запросе", "status": "failed", "statusDetails": {"message": "AssertionError: assert 504 == 400\n +  where 504 = <Response [504]>.status_code", "trace": "self = <test_courier.TestLoginCourier object at 0x0000015A52F3C7D0>, field = 'password'\n\n    @allure.title('Проверка авторизации курьера без указания обязательного поля в запросе')\n    @pytest.mark.parametrize('field', ['login', 'password'])\n    def test_login_courier_without_required_field(self, field):\n        payload = helpers.register_new_courier_and_return_login_password()\n        backup_payload = payload.copy()\n        del payload[field]\n        payload_json = json.dumps(payload)\n    \n        response = requests.post(self.ENDPOINT, data=payload_json, headers=data.headers_json)\n    \n>       assert response.status_code == 400\nE       assert 504 == 400\nE        +  where 504 = <Response [504]>.status_code\n\ntests\\test_courier.py:87: AssertionError"}, "parameters": [{"name": "field", "value": "'password'"}], "start": 1716917917762, "stop": 1716917977948, "uuid": "14aa8f9f-83bd-4781-9c51-c40baf47afd0", "historyId": "85c00bb7a6b909bf69da42a4ed7d0452", "testCaseId": "46e54baecd2bbe7f969c5af8d37c3cf9", "fullName": "tests.test_courier.TestLoginCourier#test_login_courier_without_required_field", "labels": [{"name": "parentSuite", "value": "tests"}, {"name": "suite", "value": "test_courier"}, {"name": "subSuite", "value": "TestLoginCourier"}, {"name": "host", "value": "HONOR-X14"}, {"name": "thread", "value": "12576-MainThread"}, {"name": "framework", "value": "pytest"}, {"name": "language", "value": "cpython3"}, {"name": "package", "value": "tests.test_courier"}]}